<?xml version="1.0" encoding="UTF-8"?>
<!-- Generated by org.testng.reporters.JUnitXMLReporter -->
<testsuite hostname="MANUJA" ignored="0" name="CreateOrganizatonPage" tests="4" failures="0" timestamp="09 Nov 2018 10:14:40 GMT" time="113.128" errors="0">
  <testcase name="CheckCreateOrg" time="28.22" classname="com.scripts.organizationpage.VerifyCreateOrganization"/>
  <testcase name="checkDuplicateOrgnznCreation" time="0.002" classname="com.scripts.organizationpage.VerifyCreateDuplicateOrgzn"/>
  <testcase name="checkCreateOrgznWithoutTeam" time="16.895" classname="com.scripts.organizationpage.CreateOrgznWithoutTeam"/>
  <testcase name="checkCreateEmptyOrg" time="30.078" classname="com.scripts.organizationpage.CreateEmptyOrgzn"/>
</testsuite> <!-- CreateOrganizatonPage -->
