<?xml version="1.0" encoding="UTF-8"?>
<!-- Generated by org.testng.reporters.JUnitXMLReporter -->
<testsuite hostname="MANUJA" ignored="0" name="loginpage" tests="5" failures="0" timestamp="12 Oct 2018 10:20:54 GMT" time="53.393" errors="0">
  <testcase name="checkValidUserLogin" time="9.679" classname="com.scripts.loginpage.VerifiValidLogin"/>
  <testcase name="checkInValidPasswordLogin" time="2.566" classname="com.scripts.loginpage.VerifyInvalidLogin"/>
  <testcase name="checkInValidPassword" time="2.611" classname="com.scripts.loginpage.VerifyInvalidpwd"/>
  <testcase name="checkInValidUserName" time="2.53" classname="com.scripts.loginpage.VerifyInvalidUN"/>
  <testcase name="checkLoginWithoutUN" time="0.107" classname="com.scripts.loginpage.VerifyLoginWithoutCredentials"/>
</testsuite> <!-- loginpage -->
