<?xml version="1.0" encoding="UTF-8"?>
<testng-results skipped="0" failed="0" ignored="0" total="1" passed="1">
  <reporter-output>
  </reporter-output>
  <suite name="Default suite" duration-ms="30493" started-at="2018-11-29T11:54:56Z" finished-at="2018-11-29T11:55:26Z">
    <groups>
    </groups>
    <test name="Default test" duration-ms="30493" started-at="2018-11-29T11:54:56Z" finished-at="2018-11-29T11:55:26Z">
      <class name="com.scripts.loginpage.PracticeForMore">
        <test-method status="PASS" signature="launchBrowser()[pri:0, instance:com.scripts.loginpage.PracticeForMore@f6c48ac]" name="launchBrowser" is-config="true" duration-ms="13142" started-at="2018-11-29T11:54:56Z" finished-at="2018-11-29T11:55:09Z">
          <reporter-output>
          </reporter-output>
        </test-method> <!-- launchBrowser -->
        <test-method status="PASS" signature="checkValidUserLogin()[pri:0, instance:com.scripts.loginpage.PracticeForMore@f6c48ac]" name="checkValidUserLogin" duration-ms="16449" started-at="2018-11-29T11:55:09Z" finished-at="2018-11-29T11:55:25Z">
          <reporter-output>
          </reporter-output>
        </test-method> <!-- checkValidUserLogin -->
        <test-method status="PASS" signature="closeBrowser()[pri:0, instance:com.scripts.loginpage.PracticeForMore@f6c48ac]" name="closeBrowser" is-config="true" duration-ms="853" started-at="2018-11-29T11:55:25Z" finished-at="2018-11-29T11:55:26Z">
          <reporter-output>
          </reporter-output>
        </test-method> <!-- closeBrowser -->
      </class> <!-- com.scripts.loginpage.PracticeForMore -->
    </test> <!-- Default test -->
  </suite> <!-- Default suite -->
</testng-results>
